<?xml version="1.0" encoding="UTF-8"?>
<!-- Generated by org.testng.reporters.JUnitReportReporter -->
<testsuite skipped="0" hostname="chethan-Latitude-3490" name="com.plivo.weatherdata.WeatherDataComparision" tests="1" failures="0" timestamp="2020-11-14T22:50:24 IST" time="2.714" errors="0">
  <testcase name="compareWeatherInfo" time="2.714" classname="com.plivo.weatherdata.WeatherDataComparision"/>
  <system-out>
Response of getKelvinValue method API: {"coord":{"lon":77.6,"lat":12.98},"weather":[{"id":801,"main":"Clouds","description":"few clouds","icon":"02n"}],"base":"stations","main":{"temp":294.73,"feels_like":296.37,"temp_min":294.15,"temp_max":295.15,"pressure":1016,"humidity":88},"visibility":6000,"wind":{"speed":2.6,"deg":70},"clouds":{"all":20},"dt":1605374334,"sys":{"type":1,"id":9205,"country":"IN","sunrise":1605314882,"sunset":1605356417},"timezone":19800,"id":1277333,"name":"Bengaluru","cod":200} created kelvinInfo reference variable to store tempInKelvin,placeId,cityName,country info Response of getDegreeValueOfTemp method API: {"coord":{"lon":77.6,"lat":12.98},"weather":[{"id":801,"main":"Clouds","description":"few clouds","icon":"02n"}],"base":"stations","main":{"temp":21.58,"feels_like":23.22,"temp_min":21,"temp_max":22,"pressure":1016,"humidity":88},"visibility":6000,"wind":{"speed":2.6,"deg":70},"clouds":{"all":20},"dt":1605374334,"sys":{"type":1,"id":9205,"country":"IN","sunrise":1605314882,"sunset":1605356417},"timezone":19800,"id":1277333,"name":"Bengaluru","cod":200} created celsiusInfo reference variable to store tempInDegree,placeId,cityName,country info Max and Min error temp values are: 22.011612 & 21.14841  </system-out>
</testsuite> <!-- com.plivo.weatherdata.WeatherDataComparision -->
