<?xml version="1.0" encoding="UTF-8"?>
<!-- Generated by org.testng.reporters.JUnitReportReporter -->
<testsuite skipped="0" hostname="chethan-Latitude-3490" name="com.plivo.weatherdata.WeatherDataComparision" tests="1" failures="0" timestamp="2020-11-14T17:22:06 IST" time="1.942" errors="0">
  <testcase name="compareWeatherInfo" time="1.942" classname="com.plivo.weatherdata.WeatherDataComparision"/>
  <system-out>
Response of API: {"coord":{"lon":77.6,"lat":12.98},"weather":[{"id":802,"main":"Clouds","description":"scattered clouds","icon":"03d"}],"base":"stations","main":{"temp":300.73,"feels_like":300.76,"temp_min":300.15,"temp_max":301.15,"pressure":1011,"humidity":54},"visibility":8000,"wind":{"speed":3.6,"deg":60},"clouds":{"all":40},"dt":1605354566,"sys":{"type":1,"id":9205,"country":"IN","sunrise":1605314882,"sunset":1605356417},"timezone":19800,"id":1277333,"name":"Bengaluru","cod":200}  </system-out>
</testsuite> <!-- com.plivo.weatherdata.WeatherDataComparision -->
