<?xml version="1.0" encoding="UTF-8"?>
<!-- Generated by org.testng.reporters.JUnitReportReporter -->
<testsuite skipped="0" hostname="chethan-Latitude-3490" name="com.plivo.weatherdata.WeatherDataComparision" tests="4" failures="0" timestamp="2020-11-15T20:35:50 IST" time="4.795" errors="0">
  <testcase name="invalidNumericToCityId" time="0.548" classname="com.plivo.weatherdata.WeatherDataComparision"/>
  <system-out>
Response for invalid numeric to city id: {"cod":"404","message":"city not found"}  </system-out>
  <testcase name="invalidStringToCityId" time="0.577" classname="com.plivo.weatherdata.WeatherDataComparision"/>
  <system-out>
Response for invalid string to CityId: {"cod":"400","message":"1261481abc is not a city ID"}  </system-out>
  <testcase name="invalidApiId" time="0.628" classname="com.plivo.weatherdata.WeatherDataComparision"/>
  <system-out>
Response for invalid api id: {"cod":401, "message": "Invalid API key. Please see http://openweathermap.org/faq#error401 for more info."}  </system-out>
  <testcase name="compareTemparatureInfo" time="3.042" classname="com.plivo.weatherdata.WeatherDataComparision"/>
  <system-out>
Max and Min error temp values are: 20.399994 & 19.599995  </system-out>
</testsuite> <!-- com.plivo.weatherdata.WeatherDataComparision -->
