<?xml version="1.0" encoding="UTF-8"?>
<!-- Generated by org.testng.reporters.JUnitReportReporter -->
<testsuite skipped="0" hostname="chethan-Latitude-3490" name="com.plivo.weatherdata.WeatherDataComparision" tests="4" failures="0" timestamp="2020-11-15T12:41:04 IST" time="21.855" errors="0">
  <testcase name="compareWeatherInfo" time="0.001" classname="com.plivo.weatherdata.WeatherDataComparision"/>
  <system-out/>
  <testcase name="invalidApiId" time="2.293" classname="com.plivo.weatherdata.WeatherDataComparision"/>
  <system-out>
Response for invalid api id: {"cod":401, "message": "Invalid API key. Please see http://openweathermap.org/faq#error401 for more info."}  </system-out>
  <testcase name="compareTemparatureInfo" time="17.937" classname="com.plivo.weatherdata.WeatherDataComparision"/>
  <system-out>
Response of getKelvinValue method API: {"coord":{"lon":77.23,"lat":28.61},"weather":[{"id":711,"main":"Smoke","description":"smoke","icon":"50d"}],"base":"stations","main":{"temp":299.15,"feels_like":298.2,"temp_min":299.15,"temp_max":299.15,"pressure":1016,"humidity":44},"visibility":1200,"wind":{"speed":2.6,"deg":100},"clouds":{"all":0},"dt":1605424163,"sys":{"type":1,"id":9161,"country":"IN","sunrise":1605402836,"sunset":1605441462},"timezone":19800,"id":1261481,"name":"New Delhi","cod":200} Response of getDegreeValueOfTemp method API: {"coord":{"lon":77.23,"lat":28.61},"weather":[{"id":711,"main":"Smoke","description":"smoke","icon":"50d"}],"base":"stations","main":{"temp":26,"feels_like":25.05,"temp_min":26,"temp_max":26,"pressure":1016,"humidity":44},"visibility":1200,"wind":{"speed":2.6,"deg":100},"clouds":{"all":0},"dt":1605423907,"sys":{"type":1,"id":9161,"country":"IN","sunrise":1605402836,"sunset":1605441462},"timezone":19800,"id":1261481,"name":"New Delhi","cod":200} Max and Min error temp values are: 26.519995 & 25.479994  </system-out>
  <testcase name="invalidCityId" time="1.624" classname="com.plivo.weatherdata.WeatherDataComparision"/>
  <system-out>
Response for invalid city id: {"cod":"404","message":"city not found"}  </system-out>
</testsuite> <!-- com.plivo.weatherdata.WeatherDataComparision -->
